A quick brown fox jumps over the lazy dog.
A very bad quack might jinx zippy fowls.
A wizard's job is to vex chumps quickly in fog.
Amazingly few discotheques provide jukeboxes.
Both fickle dwarves jinx my pig quiz.
Bright vixens jump; dozy fowl quack.
By Jove, my quick study of lexicography won a prize.
Cozy sphinx waves quart jug of bad milk.
DJs flock by when MTV ax quiz prog.
Fax back Jim's Gwyneth Paltrow video quiz.
Few black taxis drive up major roads on quiet hazy nights.
Fix problem quickly with galvanized jets.
Have a pick: twenty-six letters -- no forcing a jumbled quiz!
Jack quietly moved up front and seized the big ball of wax.
Jackie will budget for the most expensive zoology equipment.
Jim quickly realized that the beautiful gowns are expensive.
Just keep examining every low bid quoted for zinc etchings.
My faxed joke won a pager in the cable TV quiz show.
Pack my box with five dozen liquor jugs.
Quick fox jumps nightly above wizard.
Schwarzkopf vexed Iraq big-time in July.
Sympathizing would fix Quaker objectives.
The five boxing wizards jump quickly.
The lazy major was fixing Cupid's broken quiver.
The quick onyx goblin jumps over the lazy dwarf.
Then a cop quizzed Mick Jagger's ex-wives briefly.
Watch "Jeopardy!", Alex Trebek's fun TV quiz game.
When zombies arrive, quickly fax judge Pat.
Woven silk pyjamas exchanged for blue quartz.
Zelda might fix the job growth plans very quickly on Monday.
